d:\tuition\ml\팀프로젝트\ml_1조_1004\debug\vc142.pdb
d:\tuition\ml\팀프로젝트\ml_1조_1004\debug\vc142.idb
d:\tuition\ml\팀프로젝트\ml_1조_1004\debug\perceptron.nativecodeanalysis.sarif
d:\tuition\ml\팀프로젝트\ml_1조_1004\debug\perceptron.nativecodeanalysis.xml
d:\tuition\ml\팀프로젝트\ml_1조_1004\debug\main.nativecodeanalysis.sarif
d:\tuition\ml\팀프로젝트\ml_1조_1004\debug\main.nativecodeanalysis.xml
d:\tuition\ml\팀프로젝트\ml_1조_1004\debug\line.nativecodeanalysis.sarif
d:\tuition\ml\팀프로젝트\ml_1조_1004\debug\line.nativecodeanalysis.xml
d:\tuition\ml\팀프로젝트\ml_1조_1004\debug\buffer.nativecodeanalysis.sarif
d:\tuition\ml\팀프로젝트\ml_1조_1004\debug\buffer.nativecodeanalysis.xml
d:\tuition\ml\팀프로젝트\ml_1조_1004\debug\buffer.obj
d:\tuition\ml\팀프로젝트\ml_1조_1004\debug\line.obj
d:\tuition\ml\팀프로젝트\ml_1조_1004\debug\main.obj
d:\tuition\ml\팀프로젝트\ml_1조_1004\debug\perceptron.obj
d:\tuition\ml\팀프로젝트\ml_1조_1004\debug\ml_1조_1004.ilk
d:\tuition\ml\팀프로젝트\ml_1조_1004\debug\ml_1조_1004.exe
d:\tuition\ml\팀프로젝트\ml_1조_1004\debug\ml_1조_1004.pdb
d:\tuition\ml\팀프로젝트\ml_1조_1004\debug\vc.nativecodeanalysis.all.xml
d:\tuition\ml\팀프로젝트\ml_1조_1004\debug\ml_1조_1004.tlog\cl.read.1.tlog
d:\tuition\ml\팀프로젝트\ml_1조_1004\debug\ml_1조_1004.tlog\cl.write.1.tlog
d:\tuition\ml\팀프로젝트\ml_1조_1004\debug\ml_1조_1004.tlog\cl.command.1.tlog
d:\tuition\ml\팀프로젝트\ml_1조_1004\debug\ml_1조_1004.tlog\link.read.1.tlog
d:\tuition\ml\팀프로젝트\ml_1조_1004\debug\ml_1조_1004.tlog\link.write.1.tlog
d:\tuition\ml\팀프로젝트\ml_1조_1004\debug\ml_1조_1004.tlog\link.command.1.tlog
